{"/home/jdrouet/Documents/health-check/main/src/module.coffee":{"path":"/home/jdrouet/Documents/health-check/main/src/module.coffee","s":{"1":1,"2":1,"3":1,"4":2,"5":0,"6":2,"7":2,"8":0,"9":1,"10":1,"11":1,"12":1,"13":2,"14":2,"15":2,"16":6,"17":6,"18":0,"19":0,"20":0,"21":6,"22":2,"23":6,"24":6,"25":0,"26":0,"27":0,"28":6,"29":2,"30":6,"31":6,"32":6,"33":6,"34":0,"35":6,"36":2,"37":6,"38":6,"39":6,"40":6,"41":6,"42":6,"43":6,"44":6,"45":6,"46":6,"47":6,"48":6,"49":6,"50":6,"51":6,"52":6,"53":6,"54":6,"55":6,"56":6,"57":6,"58":6,"59":6,"60":6,"61":6,"62":6,"63":30,"64":6,"65":6,"66":24,"67":6,"68":6,"69":18,"70":0,"71":18,"72":18,"73":30,"74":6,"75":6,"76":6,"77":6,"78":0,"79":2},"b":{"1":[0,2],"2":[2,0],"3":[1,1],"4":[1,1],"5":[0,0],"6":[0,0],"7":[6,0],"8":[6,0],"9":[6,0],"10":[6,0],"11":[6,0],"12":[6,24],"13":[6,18],"14":[0,18]},"f":{"1":2,"2":6,"3":6,"4":0,"5":6,"6":6,"7":0,"8":6,"9":6,"10":6,"11":6,"12":6},"fnMap":{"1":{"name":"module","line":4,"loc":{"start":{"line":4,"column":0},"end":{"line":4,"column":32}}},"2":{"name":"pingMongoAsync","line":15,"loc":{"start":{"line":15,"column":2},"end":{"line":15,"column":40}}},"3":{"name":"(anonymous_1)","line":16,"loc":{"start":{"line":16,"column":16},"end":{"line":16,"column":33}}},"4":{"name":"callback","line":17,"loc":{"start":{"line":17,"column":6},"end":{"line":17,"column":31}}},"5":{"name":"timeQueryAsync","line":26,"loc":{"start":{"line":26,"column":2},"end":{"line":26,"column":37}}},"6":{"name":"(anonymous_2)","line":27,"loc":{"start":{"line":27,"column":16},"end":{"line":27,"column":33}}},"7":{"name":"callback","line":28,"loc":{"start":{"line":28,"column":6},"end":{"line":28,"column":31}}},"8":{"name":"pingElasticsearchAsync","line":37,"loc":{"start":{"line":37,"column":2},"end":{"line":37,"column":47}}},"9":{"name":"(anonymous_3)","line":38,"loc":{"start":{"line":38,"column":16},"end":{"line":38,"column":34}}},"10":{"name":"callback","line":39,"loc":{"start":{"line":39,"column":6},"end":{"line":39,"column":31}}},"11":{"name":"(anonymous_4)","line":51,"loc":{"start":{"line":51,"column":22},"end":{"line":51,"column":40}}},"12":{"name":"(anonymous_5)","line":79,"loc":{"start":{"line":79,"column":36},"end":{"line":79,"column":47}}}},"statementMap":{"1":{"start":{"line":1,"column":0},"end":{"line":1,"column":32}},"2":{"start":{"line":2,"column":0},"end":{"line":2,"column":33}},"3":{"start":{"line":4,"column":0},"end":{"line":108,"column":12}},"4":{"start":{"line":5,"column":2},"end":{"line":11,"column":1}},"5":{"start":{"line":6,"column":63},"end":{"line":6,"column":68}},"6":{"start":{"line":6,"column":95},"end":{"line":6,"column":113}},"7":{"start":{"line":7,"column":63},"end":{"line":7,"column":68}},"8":{"start":{"line":7,"column":95},"end":{"line":7,"column":98}},"9":{"start":{"line":8,"column":63},"end":{"line":8,"column":68}},"10":{"start":{"line":8,"column":95},"end":{"line":8,"column":98}},"11":{"start":{"line":9,"column":63},"end":{"line":9,"column":68}},"12":{"start":{"line":9,"column":95},"end":{"line":9,"column":98}},"13":{"start":{"line":11,"column":2},"end":{"line":11,"column":16}},"14":{"start":{"line":12,"column":2},"end":{"line":12,"column":24}},"15":{"start":{"line":15,"column":2},"end":{"line":26,"column":1}},"16":{"start":{"line":16,"column":8},"end":{"line":24,"column":20}},"17":{"start":{"line":17,"column":6},"end":{"line":23,"column":5}},"18":{"start":{"line":18,"column":8},"end":{"line":21,"column":30}},"19":{"start":{"line":19,"column":10},"end":{"line":19,"column":26}},"20":{"start":{"line":21,"column":10},"end":{"line":21,"column":30}},"21":{"start":{"line":23,"column":6},"end":{"line":23,"column":71}},"22":{"start":{"line":26,"column":2},"end":{"line":37,"column":1}},"23":{"start":{"line":27,"column":8},"end":{"line":35,"column":20}},"24":{"start":{"line":28,"column":6},"end":{"line":34,"column":5}},"25":{"start":{"line":29,"column":8},"end":{"line":32,"column":30}},"26":{"start":{"line":30,"column":10},"end":{"line":30,"column":26}},"27":{"start":{"line":32,"column":10},"end":{"line":32,"column":30}},"28":{"start":{"line":34,"column":6},"end":{"line":34,"column":63}},"29":{"start":{"line":37,"column":2},"end":{"line":51,"column":1}},"30":{"start":{"line":38,"column":8},"end":{"line":49,"column":4}},"31":{"start":{"line":39,"column":6},"end":{"line":45,"column":5}},"32":{"start":{"line":40,"column":8},"end":{"line":43,"column":30}},"33":{"start":{"line":41,"column":10},"end":{"line":41,"column":26}},"34":{"start":{"line":43,"column":10},"end":{"line":43,"column":30}},"35":{"start":{"line":45,"column":6},"end":{"line":48,"column":18}},"36":{"start":{"line":51,"column":2},"end":{"line":108,"column":1}},"37":{"start":{"line":52,"column":4},"end":{"line":52,"column":14}},"38":{"start":{"line":53,"column":4},"end":{"line":53,"column":30}},"39":{"start":{"line":54,"column":4},"end":{"line":54,"column":16}},"40":{"start":{"line":57,"column":4},"end":{"line":62,"column":3}},"41":{"start":{"line":58,"column":6},"end":{"line":58,"column":39}},"42":{"start":{"line":59,"column":6},"end":{"line":62,"column":3}},"43":{"start":{"line":60,"column":8},"end":{"line":60,"column":47}},"44":{"start":{"line":62,"column":4},"end":{"line":62,"column":24}},"45":{"start":{"line":65,"column":4},"end":{"line":70,"column":3}},"46":{"start":{"line":66,"column":6},"end":{"line":66,"column":33}},"47":{"start":{"line":67,"column":6},"end":{"line":70,"column":3}},"48":{"start":{"line":68,"column":8},"end":{"line":68,"column":44}},"49":{"start":{"line":70,"column":4},"end":{"line":70,"column":32}},"50":{"start":{"line":73,"column":4},"end":{"line":78,"column":3}},"51":{"start":{"line":74,"column":6},"end":{"line":74,"column":51}},"52":{"start":{"line":75,"column":6},"end":{"line":78,"column":3}},"53":{"start":{"line":76,"column":8},"end":{"line":76,"column":61}},"54":{"start":{"line":78,"column":4},"end":{"line":107,"column":21}},"55":{"start":{"line":79,"column":6},"end":{"line":106,"column":3}},"56":{"start":{"line":80,"column":8},"end":{"line":80,"column":17}},"57":{"start":{"line":81,"column":8},"end":{"line":81,"column":20}},"58":{"start":{"line":82,"column":8},"end":{"line":82,"column":19}},"59":{"start":{"line":83,"column":8},"end":{"line":83,"column":27}},"60":{"start":{"line":84,"column":8},"end":{"line":84,"column":12}},"61":{"start":{"line":85,"column":8},"end":{"line":85,"column":12}},"62":{"start":{"line":87,"column":8},"end":{"line":102,"column":7}},"63":{"start":{"line":88,"column":10},"end":{"line":99,"column":11}},"64":{"start":{"line":89,"column":12},"end":{"line":89,"column":28}},"65":{"start":{"line":90,"column":12},"end":{"line":90,"column":16}},"66":{"start":{"line":91,"column":15},"end":{"line":99,"column":11}},"67":{"start":{"line":92,"column":12},"end":{"line":92,"column":30}},"68":{"start":{"line":93,"column":12},"end":{"line":93,"column":16}},"69":{"start":{"line":95,"column":12},"end":{"line":98,"column":47}},"70":{"start":{"line":96,"column":14},"end":{"line":96,"column":46}},"71":{"start":{"line":98,"column":14},"end":{"line":98,"column":47}},"72":{"start":{"line":99,"column":12},"end":{"line":99,"column":14}},"73":{"start":{"line":100,"column":10},"end":{"line":100,"column":12}},"74":{"start":{"line":102,"column":8},"end":{"line":102,"column":43}},"75":{"start":{"line":103,"column":8},"end":{"line":103,"column":40}},"76":{"start":{"line":104,"column":8},"end":{"line":104,"column":42}},"77":{"start":{"line":105,"column":8},"end":{"line":105,"column":23}},"78":{"start":{"line":107,"column":6},"end":{"line":107,"column":21}},"79":{"start":{"line":108,"column":2},"end":{"line":108,"column":11}}},"branchMap":{"1":{"line":6,"type":"if","locations":[{"start":{"line":6,"column":28},"end":{"line":6,"column":28}},{"start":{"line":6,"column":28},"end":{"line":6,"column":28}}]},"2":{"line":7,"type":"if","locations":[{"start":{"line":7,"column":28},"end":{"line":7,"column":28}},{"start":{"line":7,"column":28},"end":{"line":7,"column":28}}]},"3":{"line":8,"type":"if","locations":[{"start":{"line":8,"column":28},"end":{"line":8,"column":28}},{"start":{"line":8,"column":28},"end":{"line":8,"column":28}}]},"4":{"line":9,"type":"if","locations":[{"start":{"line":9,"column":28},"end":{"line":9,"column":28}},{"start":{"line":9,"column":28},"end":{"line":9,"column":28}}]},"5":{"line":18,"type":"if","locations":[{"start":{"line":18,"column":8},"end":{"line":18,"column":8}},{"start":{"line":18,"column":8},"end":{"line":18,"column":8}}]},"6":{"line":29,"type":"if","locations":[{"start":{"line":29,"column":8},"end":{"line":29,"column":8}},{"start":{"line":29,"column":8},"end":{"line":29,"column":8}}]},"7":{"line":40,"type":"if","locations":[{"start":{"line":40,"column":8},"end":{"line":40,"column":8}},{"start":{"line":40,"column":8},"end":{"line":40,"column":8}}]},"8":{"line":57,"type":"if","locations":[{"start":{"line":57,"column":4},"end":{"line":57,"column":4}},{"start":{"line":57,"column":4},"end":{"line":57,"column":4}}]},"9":{"line":65,"type":"if","locations":[{"start":{"line":65,"column":4},"end":{"line":65,"column":4}},{"start":{"line":65,"column":4},"end":{"line":65,"column":4}}]},"10":{"line":73,"type":"if","locations":[{"start":{"line":73,"column":4},"end":{"line":73,"column":4}},{"start":{"line":73,"column":4},"end":{"line":73,"column":4}}]},"11":{"line":78,"type":"if","locations":[{"start":{"line":78,"column":4},"end":{"line":78,"column":4}},{"start":{"line":78,"column":4},"end":{"line":78,"column":4}}]},"12":{"line":88,"type":"if","locations":[{"start":{"line":88,"column":10},"end":{"line":88,"column":10}},{"start":{"line":88,"column":10},"end":{"line":88,"column":10}}]},"13":{"line":91,"type":"if","locations":[{"start":{"line":91,"column":15},"end":{"line":91,"column":15}},{"start":{"line":91,"column":15},"end":{"line":91,"column":15}}]},"14":{"line":95,"type":"if","locations":[{"start":{"line":95,"column":12},"end":{"line":95,"column":12}},{"start":{"line":95,"column":12},"end":{"line":95,"column":12}}]}}}}